<?xml version="1.0" encoding="UTF-8"?>
<!-- Generated by org.testng.reporters.JUnitReportReporter -->
<testsuite hostname="DESKTOP-V8KH0U1" failures="0" tests="1" name="com.bhiman.test.masters.UsersTest" time="23.035" errors="0" timestamp="2021-03-12T18:52:29 IST" skipped="0">
  <testcase classname="com.bhiman.test.masters.UsersTest" name="verifyUsersInMasters" time="23.035"/>
  <system-out/>
</testsuite> <!-- com.bhiman.test.masters.UsersTest -->
