<?xml version="1.0" encoding="UTF-8"?>
<!-- Generated by org.testng.reporters.JUnitReportReporter -->
<testsuite hostname="DESKTOP-V8KH0U1" failures="0" tests="1" name="com.bhiman.test.masters.BranchesTest" time="17.472" errors="0" timestamp="2021-03-05T11:35:22 IST" skipped="0">
  <testcase classname="com.bhiman.test.masters.BranchesTest" name="verifyBranchesInMasters" time="17.472"/>
  <system-out/>
</testsuite> <!-- com.bhiman.test.masters.BranchesTest -->
