<?xml version="1.0" encoding="UTF-8"?>
<!-- Generated by org.testng.reporters.JUnitReportReporter -->
<testsuite hostname="DESKTOP-V8KH0U1" failures="0" tests="1" name="com.bhiman.test.index.IndexTest" time="13.816" errors="0" timestamp="2021-03-08T16:37:19 IST" skipped="0">
  <testcase classname="com.bhiman.test.index.IndexTest" name="getNavbarCount" time="13.816"/>
  <system-out/>
</testsuite> <!-- com.bhiman.test.index.IndexTest -->
