<?xml version="1.0" encoding="UTF-8"?>
<!-- Generated by org.testng.reporters.JUnitReportReporter -->
<testsuite hostname="DESKTOP-V8KH0U1" failures="0" tests="1" name="com.bhiman.test.masters.BanksTest" time="17.619" errors="0" timestamp="2021-03-03T16:57:04 IST" skipped="0">
  <testcase classname="com.bhiman.test.masters.BanksTest" name="verifySearchBoxWithValidText" time="17.619"/>
  <system-out/>
</testsuite> <!-- com.bhiman.test.masters.BanksTest -->
