<?xml version="1.0" encoding="UTF-8"?>
<!-- Generated by org.testng.reporters.JUnitReportReporter -->
<testsuite hostname="DESKTOP-V8KH0U1" failures="0" tests="7" name="com.bhiman.cucumber.RunnerTest" time="0.604" errors="7" timestamp="2021-03-08T15:46:38 IST" skipped="0">
  <testcase classname="com.bhiman.cucumber.RunnerTest" name="runScenario" time="0.032">
    <error type="java.lang.NullPointerException">
      <![CDATA[java.lang.NullPointerException
at org.openqa.selenium.support.pagefactory.DefaultElementLocator.findElement(DefaultElementLocator.java:69)
at org.openqa.selenium.support.pagefactory.internal.LocatingElementHandler.invoke(LocatingElementHandler.java:38)
at com.sun.proxy.$Proxy23.toString(Unknown Source)
at java.base/java.lang.String.valueOf(String.java:2951)
at java.base/java.lang.StringBuilder.append(StringBuilder.java:168)
at com.bhiman.main.UIKeywords.mouseHover(UIKeywords.java:148)
at com.bhiman.main.masters.Branches.mouseHoverToMasters(Branches.java:103)
at com.bhiman.cucumber.stepdefinitions.BranchesSteps.mouse_hover_to_master_for_branches(BranchesSteps.java:25)
at ✽.Mouse Hover to master for branches(file:///E:/BBhiman%20Group/BhimanG/src/main/resources/Features/Branches.feature:37)
]]>
    </error>
  </testcase> <!-- runScenario -->
  <system-out/>
  <testcase classname="com.bhiman.cucumber.RunnerTest" name="runScenario" time="0.026">
    <error type="java.lang.NullPointerException">
      <![CDATA[java.lang.NullPointerException
at org.openqa.selenium.support.pagefactory.DefaultElementLocator.findElement(DefaultElementLocator.java:69)
at org.openqa.selenium.support.pagefactory.internal.LocatingElementHandler.invoke(LocatingElementHandler.java:38)
at com.sun.proxy.$Proxy23.toString(Unknown Source)
at java.base/java.lang.String.valueOf(String.java:2951)
at java.base/java.lang.StringBuilder.append(StringBuilder.java:168)
at com.bhiman.main.UIKeywords.mouseHover(UIKeywords.java:148)
at com.bhiman.main.masters.Branches.mouseHoverToMasters(Branches.java:103)
at com.bhiman.cucumber.stepdefinitions.BranchesSteps.mouse_hover_to_master_for_branches(BranchesSteps.java:25)
at ✽.Mouse Hover to master for branches(file:///E:/BBhiman%20Group/BhimanG/src/main/resources/Features/Branches.feature:16)
]]>
    </error>
  </testcase> <!-- runScenario -->
  <system-out/>
  <testcase classname="com.bhiman.cucumber.RunnerTest" name="runScenario" time="0.432">
    <error type="java.lang.NullPointerException">
      <![CDATA[java.lang.NullPointerException
at org.openqa.selenium.support.pagefactory.DefaultElementLocator.findElement(DefaultElementLocator.java:69)
at org.openqa.selenium.support.pagefactory.internal.LocatingElementHandler.invoke(LocatingElementHandler.java:38)
at com.sun.proxy.$Proxy23.toString(Unknown Source)
at java.base/java.lang.String.valueOf(String.java:2951)
at java.base/java.lang.StringBuilder.append(StringBuilder.java:168)
at com.bhiman.main.UIKeywords.mouseHover(UIKeywords.java:148)
at com.bhiman.main.masters.Branches.mouseHoverToMasters(Branches.java:103)
at com.bhiman.cucumber.stepdefinitions.BranchesSteps.mouse_hover_to_master_for_branches(BranchesSteps.java:25)
at ✽.Mouse Hover to master for branches(file:///E:/BBhiman%20Group/BhimanG/src/main/resources/Features/Branches.feature:5)
]]>
    </error>
  </testcase> <!-- runScenario -->
  <system-out/>
  <testcase classname="com.bhiman.cucumber.RunnerTest" name="runScenario" time="0.032">
    <error type="java.lang.NullPointerException">
      <![CDATA[java.lang.NullPointerException
at org.openqa.selenium.support.pagefactory.DefaultElementLocator.findElement(DefaultElementLocator.java:69)
at org.openqa.selenium.support.pagefactory.internal.LocatingElementHandler.invoke(LocatingElementHandler.java:38)
at com.sun.proxy.$Proxy23.toString(Unknown Source)
at java.base/java.lang.String.valueOf(String.java:2951)
at java.base/java.lang.StringBuilder.append(StringBuilder.java:168)
at com.bhiman.main.UIKeywords.mouseHover(UIKeywords.java:148)
at com.bhiman.main.masters.Branches.mouseHoverToMasters(Branches.java:103)
at com.bhiman.cucumber.stepdefinitions.BranchesSteps.mouse_hover_to_master_for_branches(BranchesSteps.java:25)
at ✽.Mouse Hover to master for branches(file:///E:/BBhiman%20Group/BhimanG/src/main/resources/Features/Branches.feature:30)
]]>
    </error>
  </testcase> <!-- runScenario -->
  <system-out/>
  <testcase classname="com.bhiman.cucumber.RunnerTest" name="runScenario" time="0.029">
    <error type="java.lang.NullPointerException">
      <![CDATA[java.lang.NullPointerException
at org.openqa.selenium.support.pagefactory.DefaultElementLocator.findElement(DefaultElementLocator.java:69)
at org.openqa.selenium.support.pagefactory.internal.LocatingElementHandler.invoke(LocatingElementHandler.java:38)
at com.sun.proxy.$Proxy23.toString(Unknown Source)
at java.base/java.lang.String.valueOf(String.java:2951)
at java.base/java.lang.StringBuilder.append(StringBuilder.java:168)
at com.bhiman.main.UIKeywords.mouseHover(UIKeywords.java:148)
at com.bhiman.main.masters.Branches.mouseHoverToMasters(Branches.java:103)
at com.bhiman.cucumber.stepdefinitions.BranchesSteps.mouse_hover_to_master_for_branches(BranchesSteps.java:25)
at ✽.Mouse Hover to master for branches(file:///E:/BBhiman%20Group/BhimanG/src/main/resources/Features/Branches.feature:10)
]]>
    </error>
  </testcase> <!-- runScenario -->
  <system-out/>
  <testcase classname="com.bhiman.cucumber.RunnerTest" name="runScenario" time="0.030">
    <error type="java.lang.NullPointerException">
      <![CDATA[java.lang.NullPointerException
at org.openqa.selenium.support.pagefactory.DefaultElementLocator.findElement(DefaultElementLocator.java:69)
at org.openqa.selenium.support.pagefactory.internal.LocatingElementHandler.invoke(LocatingElementHandler.java:38)
at com.sun.proxy.$Proxy23.toString(Unknown Source)
at java.base/java.lang.String.valueOf(String.java:2951)
at java.base/java.lang.StringBuilder.append(StringBuilder.java:168)
at com.bhiman.main.UIKeywords.mouseHover(UIKeywords.java:148)
at com.bhiman.main.masters.Branches.mouseHoverToMasters(Branches.java:103)
at com.bhiman.cucumber.stepdefinitions.BranchesSteps.mouse_hover_to_master_for_branches(BranchesSteps.java:25)
at ✽.Mouse Hover to master for branches(file:///E:/BBhiman%20Group/BhimanG/src/main/resources/Features/Branches.feature:23)
]]>
    </error>
  </testcase> <!-- runScenario -->
  <system-out/>
  <testcase classname="com.bhiman.cucumber.RunnerTest" name="runScenario" time="0.023">
    <error type="java.lang.NullPointerException">
      <![CDATA[java.lang.NullPointerException
at org.openqa.selenium.support.pagefactory.DefaultElementLocator.findElement(DefaultElementLocator.java:69)
at org.openqa.selenium.support.pagefactory.internal.LocatingElementHandler.invoke(LocatingElementHandler.java:38)
at com.sun.proxy.$Proxy23.toString(Unknown Source)
at java.base/java.lang.String.valueOf(String.java:2951)
at java.base/java.lang.StringBuilder.append(StringBuilder.java:168)
at com.bhiman.main.UIKeywords.mouseHover(UIKeywords.java:148)
at com.bhiman.main.masters.Branches.mouseHoverToMasters(Branches.java:103)
at com.bhiman.cucumber.stepdefinitions.BranchesSteps.mouse_hover_to_master_for_branches(BranchesSteps.java:25)
at ✽.Mouse Hover to master for branches(file:///E:/BBhiman%20Group/BhimanG/src/main/resources/Features/Branches.feature:44)
]]>
    </error>
  </testcase> <!-- runScenario -->
  <system-out/>
</testsuite> <!-- com.bhiman.cucumber.RunnerTest -->
